1484526789482	geckodriver	INFO	Listening on 127.0.0.1:38964
1484526790487	mozprofile::profile	INFO	Using profile path /tmp/rust_mozprofile.7eCqQyibl1h3
1484526790488	geckodriver::marionette	INFO	Starting browser /usr/bin/firefox
1484526790504	geckodriver::marionette	INFO	Connecting to Marionette on localhost:37758
1484526791803	addons.manager	DEBUG	Application has been upgraded
1484526791913	addons.manager	DEBUG	Loaded provider scope for resource://gre/modules/addons/XPIProvider.jsm: ["XPIProvider"]
1484526791917	addons.manager	DEBUG	Loaded provider scope for resource://gre/modules/LightweightThemeManager.jsm: ["LightweightThemeManager"]
1484526791920	addons.manager	DEBUG	Loaded provider scope for resource://gre/modules/addons/GMPProvider.jsm
1484526791922	addons.manager	DEBUG	Loaded provider scope for resource://gre/modules/addons/PluginProvider.jsm
1484526791923	addons.manager	DEBUG	Starting provider: XPIProvider
1484526791923	addons.xpi	DEBUG	startup
1484526791924	addons.xpi	INFO	SystemAddonInstallLocation directory is missing
1484526791944	addons.xpi	INFO	Mapping e10srollout@mozilla.org to /usr/lib/firefox/browser/features/e10srollout@mozilla.org.xpi
1484526791945	addons.xpi	INFO	Mapping aushelper@mozilla.org to /usr/lib/firefox/browser/features/aushelper@mozilla.org.xpi
1484526791945	addons.xpi	INFO	Mapping firefox@getpocket.com to /usr/lib/firefox/browser/features/firefox@getpocket.com.xpi
1484526791945	addons.xpi	INFO	Mapping webcompat@mozilla.org to /usr/lib/firefox/browser/features/webcompat@mozilla.org.xpi
1484526791946	addons.xpi	INFO	Mapping {972ce4c6-7e08-4474-a285-3208198ce6fd} to /usr/lib/firefox/browser/extensions/{972ce4c6-7e08-4474-a285-3208198ce6fd}.xpi
1484526791946	addons.xpi	DEBUG	checkForChanges
1484526791947	addons.xpi	DEBUG	Loaded add-on state from prefs: {}
1484526791948	addons.xpi	DEBUG	New add-on e10srollout@mozilla.org in app-system-defaults
1484526791948	addons.xpi	DEBUG	getModTime: Recursive scan of e10srollout@mozilla.org
1484526791949	addons.xpi	DEBUG	New add-on aushelper@mozilla.org in app-system-defaults
1484526791949	addons.xpi	DEBUG	getModTime: Recursive scan of aushelper@mozilla.org
1484526791949	addons.xpi	DEBUG	New add-on firefox@getpocket.com in app-system-defaults
1484526791950	addons.xpi	DEBUG	getModTime: Recursive scan of firefox@getpocket.com
1484526791950	addons.xpi	DEBUG	New add-on webcompat@mozilla.org in app-system-defaults
1484526791951	addons.xpi	DEBUG	getModTime: Recursive scan of webcompat@mozilla.org
1484526791951	addons.xpi	DEBUG	New add-on {972ce4c6-7e08-4474-a285-3208198ce6fd} in app-global
1484526791952	addons.xpi	DEBUG	getModTime: Recursive scan of {972ce4c6-7e08-4474-a285-3208198ce6fd}
1484526791952	addons.xpi	DEBUG	getInstallState changed: true, state: {"app-system-defaults":{"e10srollout@mozilla.org":{"d":"/usr/lib/firefox/browser/features/e10srollout@mozilla.org.xpi","st":1481681482000},"aushelper@mozilla.org":{"d":"/usr/lib/firefox/browser/features/aushelper@mozilla.org.xpi","st":1481681482000},"firefox@getpocket.com":{"d":"/usr/lib/firefox/browser/features/firefox@getpocket.com.xpi","st":1481681482000},"webcompat@mozilla.org":{"d":"/usr/lib/firefox/browser/features/webcompat@mozilla.org.xpi","st":1481681482000}},"app-global":{"{972ce4c6-7e08-4474-a285-3208198ce6fd}":{"d":"/usr/lib/firefox/browser/extensions/{972ce4c6-7e08-4474-a285-3208198ce6fd}.xpi","st":1481681482000}}}
1484526791958	addons.xpi-utils	DEBUG	Opening XPI database /tmp/rust_mozprofile.7eCqQyibl1h3/extensions.json
1484526791959	addons.xpi-utils	DEBUG	New add-on e10srollout@mozilla.org installed in app-system-defaults
*** Blocklist::_loadBlocklistFromFile: blocklist is disabled
1484526792016	DeferredSave.extensions.json	DEBUG	Save changes
1484526792016	addons.xpi-utils	DEBUG	New add-on aushelper@mozilla.org installed in app-system-defaults
1484526792032	DeferredSave.extensions.json	DEBUG	Starting timer
1484526792033	DeferredSave.extensions.json	DEBUG	Save changes
1484526792033	addons.xpi-utils	DEBUG	New add-on firefox@getpocket.com installed in app-system-defaults
1484526792043	DeferredSave.extensions.json	DEBUG	Save changes
1484526792043	addons.xpi-utils	DEBUG	New add-on webcompat@mozilla.org installed in app-system-defaults
1484526792071	DeferredSave.extensions.json	DEBUG	Save changes
1484526792071	addons.xpi-utils	DEBUG	New add-on {972ce4c6-7e08-4474-a285-3208198ce6fd} installed in app-global
1484526792109	DeferredSave.extensions.json	DEBUG	Save changes
1484526792109	addons.manager	DEBUG	Registering startup change 'installed' for e10srollout@mozilla.org
1484526792109	addons.xpi	DEBUG	Loading bootstrap scope from /usr/lib/firefox/browser/features/e10srollout@mozilla.org.xpi
1484526792134	addons.xpi	DEBUG	Calling bootstrap method install on e10srollout@mozilla.org version 1.5
1484526792135	addons.xpi-utils	DEBUG	Make addon app-system-defaults:e10srollout@mozilla.org visible
1484526792135	DeferredSave.extensions.json	DEBUG	Save changes
1484526792136	addons.manager	DEBUG	Registering startup change 'installed' for aushelper@mozilla.org
1484526792136	addons.xpi	DEBUG	Loading bootstrap scope from /usr/lib/firefox/browser/features/aushelper@mozilla.org.xpi
1484526792151	addons.xpi	DEBUG	Calling bootstrap method install on aushelper@mozilla.org version 1.0
1484526792151	addons.xpi-utils	DEBUG	Make addon app-system-defaults:aushelper@mozilla.org visible
1484526792151	DeferredSave.extensions.json	DEBUG	Save changes
1484526792151	addons.manager	DEBUG	Registering startup change 'installed' for firefox@getpocket.com
1484526792152	addons.xpi	DEBUG	Loading bootstrap scope from /usr/lib/firefox/browser/features/firefox@getpocket.com.xpi
1484526792156	addons.xpi	DEBUG	Calling bootstrap method install on firefox@getpocket.com version 1.0.5
1484526792156	addons.xpi-utils	DEBUG	Make addon app-system-defaults:firefox@getpocket.com visible
1484526792156	DeferredSave.extensions.json	DEBUG	Save changes
1484526792156	addons.manager	DEBUG	Registering startup change 'installed' for webcompat@mozilla.org
1484526792157	addons.xpi	DEBUG	Loading bootstrap scope from /usr/lib/firefox/browser/features/webcompat@mozilla.org.xpi
1484526792158	addons.xpi	DEBUG	Calling bootstrap method install on webcompat@mozilla.org version 1.0
1484526792158	addons.xpi-utils	DEBUG	Make addon app-system-defaults:webcompat@mozilla.org visible
1484526792158	DeferredSave.extensions.json	DEBUG	Save changes
1484526792159	addons.xpi-utils	DEBUG	Make addon app-global:{972ce4c6-7e08-4474-a285-3208198ce6fd} visible
1484526792159	DeferredSave.extensions.json	DEBUG	Save changes
1484526792159	addons.xpi	DEBUG	Updating XPIState for {"id":"e10srollout@mozilla.org","syncGUID":"{a5a8e5d0-a730-4373-825f-6edbd0a10ca2}","location":"app-system-defaults","version":"1.5","type":"extension","internalName":null,"updateURL":null,"updateKey":null,"optionsURL":null,"optionsType":null,"aboutURL":null,"icons":{},"iconURL":null,"icon64URL":null,"defaultLocale":{"name":"Multi-process staged rollout","description":"Staged rollout of Firefox multi-process feature.","creator":null,"homepageURL":null},"visible":true,"active":true,"userDisabled":false,"appDisabled":false,"descriptor":"/usr/lib/firefox/browser/features/e10srollout@mozilla.org.xpi","installDate":1481681482000,"updateDate":1481681482000,"applyBackgroundUpdates":1,"bootstrap":true,"skinnable":false,"size":7210,"sourceURI":null,"releaseNotesURI":null,"softDisabled":false,"foreignInstall":false,"hasBinaryComponents":false,"strictCompatibility":false,"locales":[],"targetApplications":[{"id":"{ec8030f7-c20a-464f-9b0e-13a3a9e97384}","minVersion":"50.1.0","maxVersion":"50.*"}],"targetPlatforms":[],"multiprocessCompatible":false,"seen":true}
1484526792160	addons.xpi	DEBUG	getModTime: Recursive scan of e10srollout@mozilla.org
1484526792160	addons.xpi	DEBUG	Updating XPIState for {"id":"aushelper@mozilla.org","syncGUID":"{90685ea5-049a-4919-97d2-508326021efc}","location":"app-system-defaults","version":"1.0","type":"extension","internalName":null,"updateURL":null,"updateKey":null,"optionsURL":null,"optionsType":null,"aboutURL":null,"icons":{},"iconURL":null,"icon64URL":null,"defaultLocale":{"name":"Application Update Service Helper","description":"Sets value(s) in the update url based on custom checks.","creator":null,"homepageURL":null},"visible":true,"active":true,"userDisabled":false,"appDisabled":false,"descriptor":"/usr/lib/firefox/browser/features/aushelper@mozilla.org.xpi","installDate":1481681482000,"updateDate":1481681482000,"applyBackgroundUpdates":1,"bootstrap":true,"skinnable":false,"size":5975,"sourceURI":null,"releaseNotesURI":null,"softDisabled":false,"foreignInstall":false,"hasBinaryComponents":false,"strictCompatibility":false,"locales":[],"targetApplications":[{"id":"{ec8030f7-c20a-464f-9b0e-13a3a9e97384}","minVersion":"50.1.0","maxVersion":"50.*"}],"targetPlatforms":[],"multiprocessCompatible":true,"seen":true}
1484526792160	addons.xpi	DEBUG	getModTime: Recursive scan of aushelper@mozilla.org
1484526792161	addons.xpi	DEBUG	Updating XPIState for {"id":"firefox@getpocket.com","syncGUID":"{214f23de-28d8-48c3-948d-f6e84b96ca18}","location":"app-system-defaults","version":"1.0.5","type":"extension","internalName":null,"updateURL":null,"updateKey":null,"optionsURL":null,"optionsType":null,"aboutURL":null,"icons":{},"iconURL":null,"icon64URL":null,"defaultLocale":{"name":"Pocket","description":"When you find something you want to view later, put it in Pocket.","creator":null,"homepageURL":null},"visible":true,"active":true,"userDisabled":false,"appDisabled":false,"descriptor":"/usr/lib/firefox/browser/features/firefox@getpocket.com.xpi","installDate":1481681482000,"updateDate":1481681482000,"applyBackgroundUpdates":1,"bootstrap":true,"skinnable":false,"size":917398,"sourceURI":null,"releaseNotesURI":null,"softDisabled":false,"foreignInstall":false,"hasBinaryComponents":false,"strictCompatibility":false,"locales":[],"targetApplications":[{"id":"{ec8030f7-c20a-464f-9b0e-13a3a9e97384}","minVersion":"50.1.0","maxVersion":"50.*"}],"targetPlatforms":[],"multiprocessCompatible":false,"seen":true}
1484526792161	addons.xpi	DEBUG	getModTime: Recursive scan of firefox@getpocket.com
1484526792161	addons.xpi	DEBUG	Updating XPIState for {"id":"webcompat@mozilla.org","syncGUID":"{92887961-17e8-45f7-bd06-72532b09ff19}","location":"app-system-defaults","version":"1.0","type":"extension","internalName":null,"updateURL":null,"updateKey":null,"optionsURL":null,"optionsType":null,"aboutURL":null,"icons":{},"iconURL":null,"icon64URL":null,"defaultLocale":{"name":"Web Compat","description":"Urgent post-release fixes for web compatibility.","creator":null,"homepageURL":null},"visible":true,"active":true,"userDisabled":false,"appDisabled":false,"descriptor":"/usr/lib/firefox/browser/features/webcompat@mozilla.org.xpi","installDate":1481681482000,"updateDate":1481681482000,"applyBackgroundUpdates":1,"bootstrap":true,"skinnable":false,"size":1502,"sourceURI":null,"releaseNotesURI":null,"softDisabled":false,"foreignInstall":false,"hasBinaryComponents":false,"strictCompatibility":false,"locales":[],"targetApplications":[{"id":"{ec8030f7-c20a-464f-9b0e-13a3a9e97384}","minVersion":"50.1.0","maxVersion":"50.*"}],"targetPlatforms":[],"multiprocessCompatible":false,"seen":true}
1484526792161	addons.xpi	DEBUG	getModTime: Recursive scan of webcompat@mozilla.org
1484526792162	addons.xpi	DEBUG	Updating XPIState for {"id":"{972ce4c6-7e08-4474-a285-3208198ce6fd}","syncGUID":"{b9370a87-bfa1-4f0e-82a0-11d80c2d7ac0}","location":"app-global","version":"50.1.0","type":"theme","internalName":"classic/1.0","updateURL":null,"updateKey":null,"optionsURL":null,"optionsType":null,"aboutURL":null,"icons":{"32":"icon.png","48":"icon.png"},"iconURL":null,"icon64URL":null,"defaultLocale":{"name":"Default","description":"The default theme.","creator":"Mozilla","homepageURL":null,"contributors":["Mozilla Contributors"]},"visible":true,"active":true,"userDisabled":false,"appDisabled":false,"descriptor":"/usr/lib/firefox/browser/extensions/{972ce4c6-7e08-4474-a285-3208198ce6fd}.xpi","installDate":1481681482000,"updateDate":1481681482000,"applyBackgroundUpdates":1,"skinnable":true,"size":4932,"sourceURI":null,"releaseNotesURI":null,"softDisabled":false,"foreignInstall":false,"hasBinaryComponents":false,"strictCompatibility":true,"locales":[],"targetApplications":[{"id":"{ec8030f7-c20a-464f-9b0e-13a3a9e97384}","minVersion":"50.1.0","maxVersion":"50.1.0"}],"targetPlatforms":[],"seen":true}
1484526792162	addons.xpi	DEBUG	getModTime: Recursive scan of {972ce4c6-7e08-4474-a285-3208198ce6fd}
1484526792163	DeferredSave.extensions.json	DEBUG	Save changes
1484526792163	addons.xpi	DEBUG	Updating database with changes to installed add-ons
1484526792163	addons.xpi-utils	DEBUG	Updating add-on states
1484526792163	addons.xpi-utils	DEBUG	Writing add-ons list
1484526792164	addons.xpi	DEBUG	Registering manifest for /usr/lib/firefox/browser/features/e10srollout@mozilla.org.xpi
1484526792164	addons.xpi	DEBUG	Calling bootstrap method startup on e10srollout@mozilla.org version 1.5
1484526792165	addons.xpi	DEBUG	Registering manifest for /usr/lib/firefox/browser/features/aushelper@mozilla.org.xpi
1484526792165	addons.xpi	DEBUG	Calling bootstrap method startup on aushelper@mozilla.org version 1.0
1484526792165	addons.xpi	DEBUG	Registering manifest for /usr/lib/firefox/browser/features/firefox@getpocket.com.xpi
1484526792166	addons.xpi	DEBUG	Calling bootstrap method startup on firefox@getpocket.com version 1.0.5
1484526792168	addons.xpi	DEBUG	Registering manifest for /usr/lib/firefox/browser/features/webcompat@mozilla.org.xpi
1484526792168	addons.xpi	DEBUG	Calling bootstrap method startup on webcompat@mozilla.org version 1.0
1484526792169	addons.manager	DEBUG	Registering shutdown blocker for XPIProvider
1484526792170	addons.manager	DEBUG	Provider finished startup: XPIProvider
1484526792170	addons.manager	DEBUG	Starting provider: LightweightThemeManager
1484526792170	addons.manager	DEBUG	Registering shutdown blocker for LightweightThemeManager
1484526792170	addons.manager	DEBUG	Provider finished startup: LightweightThemeManager
1484526792170	addons.manager	DEBUG	Starting provider: GMPProvider
1484526792193	addons.manager	DEBUG	Registering shutdown blocker for GMPProvider
1484526792194	addons.manager	DEBUG	Provider finished startup: GMPProvider
1484526792194	addons.manager	DEBUG	Starting provider: PluginProvider
1484526792194	addons.manager	DEBUG	Registering shutdown blocker for PluginProvider
1484526792194	addons.manager	DEBUG	Provider finished startup: PluginProvider
1484526792276	addons.manager	DEBUG	Completed startup sequence
1484526792848	Marionette	INFO	Listening on port 37758
1484526793115	addons.manager	DEBUG	Starting provider: <unnamed-provider>
1484526793115	addons.manager	DEBUG	Registering shutdown blocker for <unnamed-provider>
1484526793115	addons.manager	DEBUG	Provider finished startup: <unnamed-provider>
1484526793447	addons.manager	DEBUG	Starting provider: PreviousExperimentProvider
1484526793447	addons.manager	DEBUG	Registering shutdown blocker for PreviousExperimentProvider
1484526793448	addons.manager	DEBUG	Provider finished startup: PreviousExperimentProvider
1484526793451	DeferredSave.extensions.json	DEBUG	Starting write
1484526794091	DeferredSave.extensions.json	DEBUG	Write succeeded
1484526794091	addons.xpi-utils	DEBUG	XPI Database saved, setting schema version preference to 17
JavaScript error: http://www.crunchyroll.com/videos/anime/updated, line 1539: ReferenceError: gapi is not defined
Vector smash protection is enabled.
ATTENTION: default value of option force_s3tc_enable overridden by environment.
1484526814854	addons.xpi	DEBUG	Calling bootstrap method shutdown on e10srollout@mozilla.org version 1.5
1484526814855	addons.xpi	DEBUG	Calling bootstrap method shutdown on aushelper@mozilla.org version 1.0
1484526814855	addons.xpi	DEBUG	Calling bootstrap method shutdown on firefox@getpocket.com version 1.0.5
1484526814856	addons.xpi	DEBUG	Calling bootstrap method shutdown on webcompat@mozilla.org version 1.0
1484526815044	addons.manager	DEBUG	shutdown
1484526815045	addons.manager	DEBUG	Calling shutdown blocker for XPIProvider
1484526815045	addons.xpi	DEBUG	shutdown
1484526815045	addons.xpi-utils	DEBUG	shutdown
1484526815046	addons.manager	DEBUG	Calling shutdown blocker for LightweightThemeManager
1484526815047	addons.manager	DEBUG	Calling shutdown blocker for GMPProvider
1484526815051	addons.manager	DEBUG	Calling shutdown blocker for PluginProvider
1484526815052	addons.manager	DEBUG	Calling shutdown blocker for <unnamed-provider>
1484526815055	addons.manager	DEBUG	Calling shutdown blocker for PreviousExperimentProvider
1484526815059	addons.xpi	DEBUG	Notifying XPI shutdown observers
1484526815063	addons.manager	DEBUG	Async provider shutdown done
1484526943287	geckodriver	INFO	Listening on 127.0.0.1:49226
1484526944289	mozprofile::profile	INFO	Using profile path /tmp/rust_mozprofile.7VtB0Xj0ewm3
1484526944289	geckodriver::marionette	INFO	Starting browser /usr/bin/firefox
1484526944291	geckodriver::marionette	INFO	Connecting to Marionette on localhost:40829
1484526944751	Marionette	INFO	Listening on port 40829
JavaScript error: http://www.crunchyroll.com/videos/anime/updated, line 1539: ReferenceError: gapi is not defined
Vector smash protection is enabled.
ATTENTION: default value of option force_s3tc_enable overridden by environment.
1484527372881	geckodriver	INFO	Listening on 127.0.0.1:48666
1484527373882	mozprofile::profile	INFO	Using profile path /tmp/rust_mozprofile.jIiOHSBpGYu0
1484527373883	geckodriver::marionette	INFO	Starting browser /usr/bin/firefox
1484527373885	geckodriver::marionette	INFO	Connecting to Marionette on localhost:40446
1484527374497	Marionette	INFO	Listening on port 40446
JavaScript error: http://www.crunchyroll.com/videos/anime/updated, line 1539: ReferenceError: gapi is not defined
Vector smash protection is enabled.
ATTENTION: default value of option force_s3tc_enable overridden by environment.
1484527427565	geckodriver	INFO	Listening on 127.0.0.1:33239
1484527427571	mozprofile::profile	INFO	Using profile path /tmp/rust_mozprofile.NTI12PdQb9xO
1484527427571	geckodriver::marionette	INFO	Starting browser /usr/bin/firefox
1484527427575	geckodriver::marionette	INFO	Connecting to Marionette on localhost:33621
1484527428189	Marionette	INFO	Listening on port 33621
JavaScript error: http://www.crunchyroll.com/videos/anime/updated, line 1539: ReferenceError: gapi is not defined
Vector smash protection is enabled.
ATTENTION: default value of option force_s3tc_enable overridden by environment.
1484527598355	geckodriver	INFO	Listening on 127.0.0.1:58163
1484527599357	mozprofile::profile	INFO	Using profile path /tmp/rust_mozprofile.EIXJHDqGV8nY
1484527599357	geckodriver::marionette	INFO	Starting browser /usr/bin/firefox
1484527599359	geckodriver::marionette	INFO	Connecting to Marionette on localhost:40659
1484527599891	Marionette	INFO	Listening on port 40659
JavaScript warning: https://ajax.googleapis.com/ajax/libs/jquery/1.10.2/jquery.min.js, line 1: Using //@ to indicate sourceMappingURL pragmas is deprecated. Use //# instead
JavaScript error: https://secure-ads.pictela.net/rm/ads/317167/5472/TT_TY16-301_Magnify_AZ_1272x328.html, line 178: TypeError: stage is undefined

###!!! [Child][OnMaybeDequeueOne] Error: Channel closing: too late to send/recv, messages will be lost


###!!! [Child][OnMaybeDequeueOne] Error: Channel closing: too late to send/recv, messages will be lost

1484527648884	geckodriver	INFO	Listening on 127.0.0.1:48366
1484527648890	mozprofile::profile	INFO	Using profile path /tmp/rust_mozprofile.Pw8TsvPrDGZ8
1484527648890	geckodriver::marionette	INFO	Starting browser /usr/bin/firefox
1484527648895	geckodriver::marionette	INFO	Connecting to Marionette on localhost:46236
1484527649457	Marionette	INFO	Listening on port 46236
JavaScript warning: https://ajax.googleapis.com/ajax/libs/jquery/1.10.2/jquery.min.js, line 1: Using //@ to indicate sourceMappingURL pragmas is deprecated. Use //# instead
JavaScript warning: https://ajax.googleapis.com/ajax/libs/jquery/1.10.2/jquery.min.js, line 1: Using //@ to indicate sourceMappingURL pragmas is deprecated. Use //# instead
JavaScript error: https://secure-ads.pictela.net/rm/ads/317167/5472/TT_TY16-301_Magnify_AZ_1272x328.html, line 178: TypeError: stage is undefined
1484527813079	geckodriver	INFO	Listening on 127.0.0.1:59490
1484527814081	mozprofile::profile	INFO	Using profile path /tmp/rust_mozprofile.fxV6Z4yzSchb
1484527814081	geckodriver::marionette	INFO	Starting browser /usr/bin/firefox
1484527814083	geckodriver::marionette	INFO	Connecting to Marionette on localhost:42730
1484527814662	Marionette	INFO	Listening on port 42730
JavaScript warning: https://ajax.googleapis.com/ajax/libs/jquery/1.10.2/jquery.min.js, line 1: Using //@ to indicate sourceMappingURL pragmas is deprecated. Use //# instead
1484527846101	geckodriver	INFO	Listening on 127.0.0.1:53418
1484527847103	mozprofile::profile	INFO	Using profile path /tmp/rust_mozprofile.ACGoE1xQb9uu
1484527847103	geckodriver::marionette	INFO	Starting browser /usr/bin/firefox
1484527847105	geckodriver::marionette	INFO	Connecting to Marionette on localhost:32981
1484527847866	Marionette	INFO	Listening on port 32981
JavaScript warning: https://ajax.googleapis.com/ajax/libs/jquery/1.10.2/jquery.min.js, line 1: Using //@ to indicate sourceMappingURL pragmas is deprecated. Use //# instead
1484528063906	geckodriver	INFO	Listening on 127.0.0.1:47924
1484528064908	mozprofile::profile	INFO	Using profile path /tmp/rust_mozprofile.M3sgRcrIEAn1
1484528064908	geckodriver::marionette	INFO	Starting browser /usr/bin/firefox
1484528064910	geckodriver::marionette	INFO	Connecting to Marionette on localhost:34767
1484528065397	Marionette	INFO	Listening on port 34767
JavaScript warning: https://ajax.googleapis.com/ajax/libs/jquery/1.10.2/jquery.min.js, line 1: Using //@ to indicate sourceMappingURL pragmas is deprecated. Use //# instead
1484528102154	geckodriver	INFO	Listening on 127.0.0.1:57874
1484528103157	mozprofile::profile	INFO	Using profile path /tmp/rust_mozprofile.98NrCiUu6bo7
1484528103158	geckodriver::marionette	INFO	Starting browser /usr/bin/firefox
1484528103162	geckodriver::marionette	INFO	Connecting to Marionette on localhost:37481
1484528103752	Marionette	INFO	Listening on port 37481
JavaScript warning: https://ajax.googleapis.com/ajax/libs/jquery/1.10.2/jquery.min.js, line 1: Using //@ to indicate sourceMappingURL pragmas is deprecated. Use //# instead
JavaScript error: https://secure-ads.pictela.net/rm/ads/317167/5472/TT_TY16-301_Magnify_AZ_1272x328.html, line 178: TypeError: stage is undefined
JavaScript error: https://secure-ads.pictela.net/rm/ads/317167/5472/TT_TY16-301_Magnify_AZ_1272x328.html, line 109: TypeError: window.countUp is undefined
1484528288840	geckodriver	INFO	Listening on 127.0.0.1:54841
1484528289841	mozprofile::profile	INFO	Using profile path /tmp/rust_mozprofile.HkD9aMCybckO
1484528289841	geckodriver::marionette	INFO	Starting browser /usr/bin/firefox
1484528289844	geckodriver::marionette	INFO	Connecting to Marionette on localhost:36468
1484528290574	Marionette	INFO	Listening on port 36468
JavaScript warning: https://ajax.googleapis.com/ajax/libs/jquery/1.10.2/jquery.min.js, line 1: Using //@ to indicate sourceMappingURL pragmas is deprecated. Use //# instead
*************************
A coding exception was thrown and uncaught in a Task.

Full message: TypeError: NetworkError when attempting to fetch resource.
Full stack: 
*************************
*************************
A coding exception was thrown and uncaught in a Task.

Full message: TypeError: NetworkError when attempting to fetch resource.
Full stack: 
*************************
*************************
A coding exception was thrown and uncaught in a Task.

Full message: TypeError: NetworkError when attempting to fetch resource.
Full stack: 
*************************
*************************
A coding exception was thrown and uncaught in a Task.

Full message: TypeError: NetworkError when attempting to fetch resource.
Full stack: 
*************************

###!!! [Child][MessageChannel] Error: (msgtype=0x4A011A,name=PContent::Msg_AsyncMessage) Channel closing: too late to send/recv, messages will be lost

JavaScript error: chrome://global/content/process-content.js, line 51: NS_ERROR_UNEXPECTED: Component returned failure code: 0x8000ffff (NS_ERROR_UNEXPECTED) [nsIMessageSender.sendAsyncMessage]

###!!! [Child][MessageChannel] Error: (msgtype=0x4A011A,name=PContent::Msg_AsyncMessage) Channel closing: too late to send/recv, messages will be lost

JavaScript error: chrome://global/content/process-content.js, line 51: NS_ERROR_UNEXPECTED: Component returned failure code: 0x8000ffff (NS_ERROR_UNEXPECTED) [nsIMessageSender.sendAsyncMessage]

###!!! [Child][MessageChannel] Error: (msgtype=0x4A011A,name=PContent::Msg_AsyncMessage) Channel closing: too late to send/recv, messages will be lost

JavaScript error: chrome://global/content/process-content.js, line 51: NS_ERROR_UNEXPECTED: Component returned failure code: 0x8000ffff (NS_ERROR_UNEXPECTED) [nsIMessageSender.sendAsyncMessage]

###!!! [Child][MessageChannel] Error: (msgtype=0x4A011A,name=PContent::Msg_AsyncMessage) Channel closing: too late to send/recv, messages will be lost

JavaScript error: chrome://global/content/process-content.js, line 51: NS_ERROR_UNEXPECTED: Component returned failure code: 0x8000ffff (NS_ERROR_UNEXPECTED) [nsIMessageSender.sendAsyncMessage]

###!!! [Child][MessageChannel] Error: (msgtype=0x4A011A,name=PContent::Msg_AsyncMessage) Channel closing: too late to send/recv, messages will be lost

JavaScript error: chrome://global/content/process-content.js, line 51: NS_ERROR_UNEXPECTED: Component returned failure code: 0x8000ffff (NS_ERROR_UNEXPECTED) [nsIMessageSender.sendAsyncMessage]

###!!! [Child][MessageChannel] Error: (msgtype=0x4A011A,name=PContent::Msg_AsyncMessage) Channel closing: too late to send/recv, messages will be lost

JavaScript error: chrome://global/content/process-content.js, line 51: NS_ERROR_UNEXPECTED: Component returned failure code: 0x8000ffff (NS_ERROR_UNEXPECTED) [nsIMessageSender.sendAsyncMessage]

###!!! [Child][MessageChannel] Error: (msgtype=0x4A011A,name=PContent::Msg_AsyncMessage) Channel closing: too late to send/recv, messages will be lost

JavaScript error: chrome://global/content/process-content.js, line 51: NS_ERROR_UNEXPECTED: Component returned failure code: 0x8000ffff (NS_ERROR_UNEXPECTED) [nsIMessageSender.sendAsyncMessage]

###!!! [Child][MessageChannel] Error: (msgtype=0x4A011A,name=PContent::Msg_AsyncMessage) Channel closing: too late to send/recv, messages will be lost

JavaScript error: chrome://global/content/process-content.js, line 51: NS_ERROR_UNEXPECTED: Component returned failure code: 0x8000ffff (NS_ERROR_UNEXPECTED) [nsIMessageSender.sendAsyncMessage]

###!!! [Child][MessageChannel] Error: (msgtype=0x4A011A,name=PContent::Msg_AsyncMessage) Channel closing: too late to send/recv, messages will be lost

JavaScript error: chrome://global/content/process-content.js, line 51: NS_ERROR_UNEXPECTED: Component returned failure code: 0x8000ffff (NS_ERROR_UNEXPECTED) [nsIMessageSender.sendAsyncMessage]

###!!! [Child][MessageChannel] Error: (msgtype=0x4A011A,name=PContent::Msg_AsyncMessage) Channel closing: too late to send/recv, messages will be lost

JavaScript error: chrome://global/content/process-content.js, line 51: NS_ERROR_UNEXPECTED: Component returned failure code: 0x8000ffff (NS_ERROR_UNEXPECTED) [nsIMessageSender.sendAsyncMessage]

###!!! [Child][MessageChannel] Error: (msgtype=0x4A011A,name=PContent::Msg_AsyncMessage) Channel closing: too late to send/recv, messages will be lost

JavaScript error: chrome://global/content/process-content.js, line 51: NS_ERROR_UNEXPECTED: Component returned failure code: 0x8000ffff (NS_ERROR_UNEXPECTED) [nsIMessageSender.sendAsyncMessage]

###!!! [Child][MessageChannel] Error: (msgtype=0x2E0045,name=PBrowser::Msg___delete__) Channel closing: too late to send/recv, messages will be lost


###!!! [Child][OnMaybeDequeueOne] Error: Channel closing: too late to send/recv, messages will be lost


###!!! [Child][MessageChannel] Error: (msgtype=0x4A00C2,name=PContent::Msg_ConsoleMessage) Channel closing: too late to send/recv, messages will be lost

